2023-05-28 03:01:43.096  INFO 10232 --- [main] ru.iql.banking.BankingApplication        : Starting BankingApplication using Java 11.0.2 on DESKTOP-MRKNLVC with PID 10232 (C:\Users\working\IdeaProjects\banking\target\classes started by working in C:\Users\working\IdeaProjects\banking)
2023-05-28 03:01:43.097 DEBUG 10232 --- [main] ru.iql.banking.BankingApplication        : Running with Spring Boot v2.7.11, Spring v5.3.27
2023-05-28 03:01:43.098  INFO 10232 --- [main] ru.iql.banking.BankingApplication        : No active profile set, falling back to 1 default profile: "default"
2023-05-28 03:01:43.570  INFO 10232 --- [main] .s.d.r.c.RepositoryConfigurationDelegate : Bootstrapping Spring Data JPA repositories in DEFAULT mode.
2023-05-28 03:01:43.624  INFO 10232 --- [main] .s.d.r.c.RepositoryConfigurationDelegate : Finished Spring Data repository scanning in 48 ms. Found 4 JPA repository interfaces.
2023-05-28 03:01:43.962  INFO 10232 --- [main] o.s.b.w.embedded.tomcat.TomcatWebServer  : Tomcat initialized with port(s): 8080 (http)
2023-05-28 03:01:43.967  INFO 10232 --- [main] o.apache.catalina.core.StandardService   : Starting service [Tomcat]
2023-05-28 03:01:43.967  INFO 10232 --- [main] org.apache.catalina.core.StandardEngine  : Starting Servlet engine: [Apache Tomcat/9.0.74]
2023-05-28 03:01:44.056  INFO 10232 --- [main] o.a.c.c.C.[Tomcat].[localhost].[/]       : Initializing Spring embedded WebApplicationContext
2023-05-28 03:01:44.056  INFO 10232 --- [main] w.s.c.ServletWebServerApplicationContext : Root WebApplicationContext: initialization completed in 929 ms
2023-05-28 03:01:44.170  INFO 10232 --- [main] com.zaxxer.hikari.HikariDataSource       : HikariPool-1 - Starting...
2023-05-28 03:01:44.261  INFO 10232 --- [main] com.zaxxer.hikari.HikariDataSource       : HikariPool-1 - Start completed.
2023-05-28 03:01:44.336  INFO 10232 --- [main] liquibase.database                       : Set default schema name to public
2023-05-28 03:01:44.379  INFO 10232 --- [main] liquibase.lockservice                    : Successfully acquired change log lock
2023-05-28 03:01:44.446  INFO 10232 --- [main] liquibase.changelog                      : Reading from public.databasechangelog
2023-05-28 03:01:44.471  INFO 10232 --- [main] liquibase.lockservice                    : Successfully released change log lock
2023-05-28 03:01:44.501 DEBUG 10232 --- [main] j.LocalContainerEntityManagerFactoryBean : Building JPA container EntityManagerFactory for persistence unit 'default'
2023-05-28 03:01:44.508  INFO 10232 --- [main] o.hibernate.jpa.internal.util.LogHelper  : HHH000204: Processing PersistenceUnitInfo [name: default]
2023-05-28 03:01:44.533  INFO 10232 --- [main] org.hibernate.Version                    : HHH000412: Hibernate ORM core version 5.6.15.Final
2023-05-28 03:01:44.620  INFO 10232 --- [main] o.hibernate.annotations.common.Version   : HCANN000001: Hibernate Commons Annotations {5.1.2.Final}
2023-05-28 03:01:44.678  INFO 10232 --- [main] org.hibernate.dialect.Dialect            : HHH000400: Using dialect: org.hibernate.dialect.PostgreSQL10Dialect
2023-05-28 03:01:45.028  INFO 10232 --- [main] o.h.e.t.j.p.i.JtaPlatformInitiator       : HHH000490: Using JtaPlatform implementation: [org.hibernate.engine.transaction.jta.platform.internal.NoJtaPlatform]
2023-05-28 03:01:45.035  INFO 10232 --- [main] j.LocalContainerEntityManagerFactoryBean : Initialized JPA EntityManagerFactory for persistence unit 'default'
2023-05-28 03:01:45.072 DEBUG 10232 --- [main] tor$SharedEntityManagerInvocationHandler : Creating new EntityManager for shared EntityManager invocation
2023-05-28 03:01:45.095 DEBUG 10232 --- [main] tor$SharedEntityManagerInvocationHandler : Creating new EntityManager for shared EntityManager invocation
2023-05-28 03:01:45.130 DEBUG 10232 --- [main] tor$SharedEntityManagerInvocationHandler : Creating new EntityManager for shared EntityManager invocation
2023-05-28 03:01:45.159 DEBUG 10232 --- [main] tor$SharedEntityManagerInvocationHandler : Creating new EntityManager for shared EntityManager invocation
2023-05-28 03:01:45.160 DEBUG 10232 --- [main] tor$SharedEntityManagerInvocationHandler : Creating new EntityManager for shared EntityManager invocation
2023-05-28 03:01:45.177 DEBUG 10232 --- [main] tor$SharedEntityManagerInvocationHandler : Creating new EntityManager for shared EntityManager invocation
2023-05-28 03:01:45.196 DEBUG 10232 --- [main] tor$SharedEntityManagerInvocationHandler : Creating new EntityManager for shared EntityManager invocation
2023-05-28 03:01:45.201 DEBUG 10232 --- [main] tor$SharedEntityManagerInvocationHandler : Creating new EntityManager for shared EntityManager invocation
2023-05-28 03:01:45.201 DEBUG 10232 --- [main] tor$SharedEntityManagerInvocationHandler : Creating new EntityManager for shared EntityManager invocation
2023-05-28 03:01:45.208 DEBUG 10232 --- [main] tor$SharedEntityManagerInvocationHandler : Creating new EntityManager for shared EntityManager invocation
2023-05-28 03:01:45.208 DEBUG 10232 --- [main] tor$SharedEntityManagerInvocationHandler : Creating new EntityManager for shared EntityManager invocation
2023-05-28 03:01:45.250 DEBUG 10232 --- [main] ru.iql.banking.configs.JwtAuthFilter     : Filter 'jwtAuthFilter' configured for use
2023-05-28 03:01:45.300 DEBUG 10232 --- [main] tor$SharedEntityManagerInvocationHandler : Creating new EntityManager for shared EntityManager invocation
2023-05-28 03:01:45.302 DEBUG 10232 --- [main] tor$SharedEntityManagerInvocationHandler : Creating new EntityManager for shared EntityManager invocation
2023-05-28 03:01:45.309 DEBUG 10232 --- [main] tor$SharedEntityManagerInvocationHandler : Creating new EntityManager for shared EntityManager invocation
2023-05-28 03:01:45.364  INFO 10232 --- [main] o.s.s.web.DefaultSecurityFilterChain     : Will secure any request with [org.springframework.security.web.session.DisableEncodeUrlFilter@7136ad9a, org.springframework.security.web.context.request.async.WebAsyncManagerIntegrationFilter@4fb42efa, org.springframework.security.web.context.SecurityContextPersistenceFilter@258291de, org.springframework.security.web.header.HeaderWriterFilter@6c2a33af, org.springframework.security.web.authentication.logout.LogoutFilter@3dfaa1e4, ru.iql.banking.configs.JwtAuthFilter@50fe5df2, org.springframework.security.web.savedrequest.RequestCacheAwareFilter@3ae91bcc, org.springframework.security.web.servletapi.SecurityContextHolderAwareRequestFilter@77d42ed7, org.springframework.security.web.authentication.AnonymousAuthenticationFilter@35599228, org.springframework.security.web.session.SessionManagementFilter@93c66ef, org.springframework.security.web.access.ExceptionTranslationFilter@e75bae7, org.springframework.security.web.access.intercept.AuthorizationFilter@1a1c308b]
2023-05-28 03:01:45.435  WARN 10232 --- [main] JpaBaseConfiguration$JpaWebConfiguration : spring.jpa.open-in-view is enabled by default. Therefore, database queries may be performed during view rendering. Explicitly configure spring.jpa.open-in-view to disable this warning
2023-05-28 03:01:45.889  INFO 10232 --- [main] o.s.b.w.embedded.tomcat.TomcatWebServer  : Tomcat started on port(s): 8080 (http) with context path ''
2023-05-28 03:01:45.898  INFO 10232 --- [main] ru.iql.banking.BankingApplication        : Started BankingApplication in 3.064 seconds (JVM running for 3.586)
2023-05-28 03:01:57.343  INFO 10232 --- [http-nio-8080-exec-1] o.a.c.c.C.[Tomcat].[localhost].[/]       : Initializing Spring DispatcherServlet 'dispatcherServlet'
2023-05-28 03:01:57.344  INFO 10232 --- [http-nio-8080-exec-1] o.s.web.servlet.DispatcherServlet        : Initializing Servlet 'dispatcherServlet'
2023-05-28 03:01:57.345  INFO 10232 --- [http-nio-8080-exec-1] o.s.web.servlet.DispatcherServlet        : Completed initialization in 0 ms
2023-05-28 03:01:57.376 DEBUG 10232 --- [http-nio-8080-exec-1] o.s.orm.jpa.JpaTransactionManager        : Creating new transaction with name [ru.iql.banking.services.impl.UserServiceImpl.getPhonesAndEmailsByUserId]: PROPAGATION_REQUIRED,ISOLATION_READ_COMMITTED,readOnly
2023-05-28 03:01:57.376 DEBUG 10232 --- [http-nio-8080-exec-1] o.s.orm.jpa.JpaTransactionManager        : Opened new EntityManager [SessionImpl(1079331605<open>)] for JPA transaction
2023-05-28 03:01:57.379 DEBUG 10232 --- [http-nio-8080-exec-1] o.s.orm.jpa.JpaTransactionManager        : Exposing JPA transaction as JDBC [org.springframework.orm.jpa.vendor.HibernateJpaDialect$HibernateConnectionHandle@228f9d33]
2023-05-28 03:01:57.384 DEBUG 10232 --- [http-nio-8080-exec-1] o.s.orm.jpa.JpaTransactionManager        : Found thread-bound EntityManager [SessionImpl(1079331605<open>)] for JPA transaction
2023-05-28 03:01:57.384 DEBUG 10232 --- [http-nio-8080-exec-1] o.s.orm.jpa.JpaTransactionManager        : Participating in existing transaction
2023-05-28 03:01:57.433 DEBUG 10232 --- [http-nio-8080-exec-1] o.s.orm.jpa.JpaTransactionManager        : Initiating transaction commit
2023-05-28 03:01:57.433 DEBUG 10232 --- [http-nio-8080-exec-1] o.s.orm.jpa.JpaTransactionManager        : Committing JPA transaction on EntityManager [SessionImpl(1079331605<open>)]
2023-05-28 03:01:57.434 DEBUG 10232 --- [http-nio-8080-exec-1] o.s.orm.jpa.JpaTransactionManager        : Closing JPA EntityManager [SessionImpl(1079331605<open>)] after transaction
2023-05-28 03:01:57.435 DEBUG 10232 --- [http-nio-8080-exec-1] o.s.orm.jpa.JpaTransactionManager        : Creating new transaction with name [ru.iql.banking.services.impl.UserServiceImpl.getUserByEmailOrPhone]: PROPAGATION_REQUIRED,ISOLATION_READ_COMMITTED,readOnly
2023-05-28 03:01:57.435 DEBUG 10232 --- [http-nio-8080-exec-1] o.s.orm.jpa.JpaTransactionManager        : Opened new EntityManager [SessionImpl(482269889<open>)] for JPA transaction
2023-05-28 03:01:57.435 DEBUG 10232 --- [http-nio-8080-exec-1] o.s.orm.jpa.JpaTransactionManager        : Exposing JPA transaction as JDBC [org.springframework.orm.jpa.vendor.HibernateJpaDialect$HibernateConnectionHandle@723265e8]
2023-05-28 03:01:57.492 DEBUG 10232 --- [http-nio-8080-exec-1] o.s.orm.jpa.JpaTransactionManager        : Initiating transaction commit
2023-05-28 03:01:57.492 DEBUG 10232 --- [http-nio-8080-exec-1] o.s.orm.jpa.JpaTransactionManager        : Committing JPA transaction on EntityManager [SessionImpl(482269889<open>)]
2023-05-28 03:01:57.492 DEBUG 10232 --- [http-nio-8080-exec-1] o.s.orm.jpa.JpaTransactionManager        : Closing JPA EntityManager [SessionImpl(482269889<open>)] after transaction
2023-05-28 03:01:57.499 DEBUG 10232 --- [http-nio-8080-exec-1] o.j.s.OpenEntityManagerInViewInterceptor : Opening JPA EntityManager in OpenEntityManagerInViewInterceptor
2023-05-28 03:01:57.541 DEBUG 10232 --- [http-nio-8080-exec-1] o.s.orm.jpa.JpaTransactionManager        : Found thread-bound EntityManager [SessionImpl(2037620261<open>)] for JPA transaction
2023-05-28 03:01:57.542 DEBUG 10232 --- [http-nio-8080-exec-1] o.s.orm.jpa.JpaTransactionManager        : Creating new transaction with name [ru.iql.banking.services.impl.UserServiceImpl.getUsers]: PROPAGATION_REQUIRED,ISOLATION_READ_COMMITTED,readOnly
2023-05-28 03:01:57.542 DEBUG 10232 --- [http-nio-8080-exec-1] o.s.orm.jpa.JpaTransactionManager        : Exposing JPA transaction as JDBC [org.springframework.orm.jpa.vendor.HibernateJpaDialect$HibernateConnectionHandle@601a8c6c]
2023-05-28 03:02:01.036 DEBUG 10232 --- [task-1] o.s.orm.jpa.JpaTransactionManager        : Creating new transaction with name [ru.iql.banking.services.impl.SchedulingServiceImpl.updateBalance]: PROPAGATION_REQUIRED,ISOLATION_REPEATABLE_READ
2023-05-28 03:02:01.036 DEBUG 10232 --- [task-1] o.s.orm.jpa.JpaTransactionManager        : Opened new EntityManager [SessionImpl(920667078<open>)] for JPA transaction
2023-05-28 03:02:01.037 DEBUG 10232 --- [task-1] o.s.orm.jpa.JpaTransactionManager        : Exposing JPA transaction as JDBC [org.springframework.orm.jpa.vendor.HibernateJpaDialect$HibernateConnectionHandle@3827bb6a]
2023-05-28 03:02:01.041 DEBUG 10232 --- [http-nio-8080-exec-1] r.i.b.services.impl.UserServiceImpl      : Start getUsers(localDate = null, phone = 79781234500, name = null, email = null) method
2023-05-28 03:02:01.042 DEBUG 10232 --- [http-nio-8080-exec-1] o.s.orm.jpa.JpaTransactionManager        : Found thread-bound EntityManager [SessionImpl(2037620261<open>)] for JPA transaction
2023-05-28 03:02:01.043 DEBUG 10232 --- [http-nio-8080-exec-1] o.s.orm.jpa.JpaTransactionManager        : Participating in existing transaction
2023-05-28 03:02:01.057 DEBUG 10232 --- [task-1] o.s.orm.jpa.JpaTransactionManager        : Initiating transaction commit
2023-05-28 03:02:01.057 DEBUG 10232 --- [task-1] o.s.orm.jpa.JpaTransactionManager        : Committing JPA transaction on EntityManager [SessionImpl(920667078<open>)]
2023-05-28 03:02:01.057 DEBUG 10232 --- [http-nio-8080-exec-1] o.s.orm.jpa.JpaTransactionManager        : Initiating transaction commit
2023-05-28 03:02:01.058 DEBUG 10232 --- [http-nio-8080-exec-1] o.s.orm.jpa.JpaTransactionManager        : Committing JPA transaction on EntityManager [SessionImpl(2037620261<open>)]
2023-05-28 03:02:01.058 DEBUG 10232 --- [task-1] o.s.orm.jpa.JpaTransactionManager        : Closing JPA EntityManager [SessionImpl(920667078<open>)] after transaction
2023-05-28 03:02:01.058 DEBUG 10232 --- [http-nio-8080-exec-1] o.s.orm.jpa.JpaTransactionManager        : Not closing pre-bound JPA EntityManager after transaction
2023-05-28 03:02:01.104 DEBUG 10232 --- [http-nio-8080-exec-1] o.j.s.OpenEntityManagerInViewInterceptor : Closing JPA EntityManager in OpenEntityManagerInViewInterceptor
2023-05-28 03:02:30.013 DEBUG 10232 --- [task-2] o.s.orm.jpa.JpaTransactionManager        : Creating new transaction with name [ru.iql.banking.services.impl.SchedulingServiceImpl.updateBalance]: PROPAGATION_REQUIRED,ISOLATION_REPEATABLE_READ
2023-05-28 03:02:30.014 DEBUG 10232 --- [task-2] o.s.orm.jpa.JpaTransactionManager        : Opened new EntityManager [SessionImpl(1461960305<open>)] for JPA transaction
2023-05-28 03:02:30.014 DEBUG 10232 --- [task-2] o.s.orm.jpa.JpaTransactionManager        : Exposing JPA transaction as JDBC [org.springframework.orm.jpa.vendor.HibernateJpaDialect$HibernateConnectionHandle@59e45ae5]
2023-05-28 03:02:30.017 DEBUG 10232 --- [task-2] o.s.orm.jpa.JpaTransactionManager        : Initiating transaction commit
2023-05-28 03:02:30.017 DEBUG 10232 --- [task-2] o.s.orm.jpa.JpaTransactionManager        : Committing JPA transaction on EntityManager [SessionImpl(1461960305<open>)]
2023-05-28 03:02:30.018 DEBUG 10232 --- [task-2] o.s.orm.jpa.JpaTransactionManager        : Closing JPA EntityManager [SessionImpl(1461960305<open>)] after transaction
2023-05-28 03:03:00.013 DEBUG 10232 --- [task-3] o.s.orm.jpa.JpaTransactionManager        : Creating new transaction with name [ru.iql.banking.services.impl.SchedulingServiceImpl.updateBalance]: PROPAGATION_REQUIRED,ISOLATION_REPEATABLE_READ
2023-05-28 03:03:00.014 DEBUG 10232 --- [task-3] o.s.orm.jpa.JpaTransactionManager        : Opened new EntityManager [SessionImpl(1621313085<open>)] for JPA transaction
2023-05-28 03:03:00.014 DEBUG 10232 --- [task-3] o.s.orm.jpa.JpaTransactionManager        : Exposing JPA transaction as JDBC [org.springframework.orm.jpa.vendor.HibernateJpaDialect$HibernateConnectionHandle@6e64a459]
2023-05-28 03:03:00.015 DEBUG 10232 --- [task-3] o.s.orm.jpa.JpaTransactionManager        : Initiating transaction commit
2023-05-28 03:03:00.015 DEBUG 10232 --- [task-3] o.s.orm.jpa.JpaTransactionManager        : Committing JPA transaction on EntityManager [SessionImpl(1621313085<open>)]
2023-05-28 03:03:00.016 DEBUG 10232 --- [task-3] o.s.orm.jpa.JpaTransactionManager        : Closing JPA EntityManager [SessionImpl(1621313085<open>)] after transaction
2023-05-28 03:03:11.501  INFO 10232 --- [SpringApplicationShutdownHook] j.LocalContainerEntityManagerFactoryBean : Closing JPA EntityManagerFactory for persistence unit 'default'
2023-05-28 03:03:11.503  INFO 10232 --- [SpringApplicationShutdownHook] com.zaxxer.hikari.HikariDataSource       : HikariPool-1 - Shutdown initiated...
2023-05-28 03:03:11.506  INFO 10232 --- [SpringApplicationShutdownHook] com.zaxxer.hikari.HikariDataSource       : HikariPool-1 - Shutdown completed.
